<?xml version="1.0" encoding="UTF-8"?>
<!-- Generated by org.testng.reporters.JUnitXMLReporter -->
<testsuite ignored="0" hostname="DESKTOP-AM4RQ03" failures="0" tests="4" name="Default test" time="15.586" errors="0" timestamp="2024-01-06T19:52:08 IST">
  <testcase classname="com.Hrm.TestCases.AdminPageTest" name="verifyDropDown" time="2.03"/>
  <testcase classname="com.Hrm.TestCases.AdminPageTest" name="verifySearchByUserName" time="1.661"/>
  <testcase classname="com.Hrm.TestCases.AdminPageTest" name="verifysearchByUserRole" time="1.74"/>
  <testcase classname="com.Hrm.TestCases.AdminPageTest" name="verifysearchByUserStatus" time="1.614"/>
</testsuite> <!-- Default test -->
