<?xml version="1.0" encoding="UTF-8"?>
<testng-results ignored="0" total="4" passed="4" failed="0" skipped="0">
  <reporter-output>
    <line>
      <![CDATA[Log: Login is completed with valid data set]]>
    </line>
  </reporter-output>
  <suite started-at="2024-01-06T19:51:52 IST" name="Default suite" finished-at="2024-01-06T19:52:08 IST" duration-ms="15586">
    <groups>
    </groups>
    <test started-at="2024-01-06T19:51:52 IST" name="Default test" finished-at="2024-01-06T19:52:08 IST" duration-ms="15586">
      <class name="com.Hrm.TestCases.AdminPageTest">
        <test-method is-config="true" signature="setUpBrowser()[pri:0, instance:com.Hrm.TestCases.AdminPageTest@3349e9bb]" started-at="2024-01-06T19:51:52 IST" name="setUpBrowser" finished-at="2024-01-06T19:51:58 IST" duration-ms="6276" status="PASS">
          <reporter-output>
          </reporter-output>
        </test-method> <!-- setUpBrowser -->
        <test-method is-config="true" signature="pageSetUp()[pri:0, instance:com.Hrm.TestCases.AdminPageTest@3349e9bb]" started-at="2024-01-06T19:51:58 IST" name="pageSetUp" finished-at="2024-01-06T19:52:01 IST" duration-ms="2208" status="PASS">
          <reporter-output>
            <line>
              <![CDATA[Log: Login is completed with valid data set]]>
            </line>
          </reporter-output>
        </test-method> <!-- pageSetUp -->
        <test-method signature="verifyDropDown()[pri:1, instance:com.Hrm.TestCases.AdminPageTest@3349e9bb]" started-at="2024-01-06T19:52:01 IST" name="verifyDropDown" finished-at="2024-01-06T19:52:03 IST" duration-ms="2030" status="PASS">
          <reporter-output>
          </reporter-output>
        </test-method> <!-- verifyDropDown -->
        <test-method signature="verifySearchByUserName()[pri:2, instance:com.Hrm.TestCases.AdminPageTest@3349e9bb]" started-at="2024-01-06T19:52:03 IST" name="verifySearchByUserName" finished-at="2024-01-06T19:52:04 IST" duration-ms="1661" status="PASS">
          <reporter-output>
          </reporter-output>
        </test-method> <!-- verifySearchByUserName -->
        <test-method signature="verifysearchByUserRole()[pri:3, instance:com.Hrm.TestCases.AdminPageTest@3349e9bb]" started-at="2024-01-06T19:52:04 IST" name="verifysearchByUserRole" finished-at="2024-01-06T19:52:06 IST" duration-ms="1740" status="PASS">
          <reporter-output>
          </reporter-output>
        </test-method> <!-- verifysearchByUserRole -->
        <test-method signature="verifysearchByUserStatus()[pri:4, instance:com.Hrm.TestCases.AdminPageTest@3349e9bb]" started-at="2024-01-06T19:52:06 IST" name="verifysearchByUserStatus" finished-at="2024-01-06T19:52:08 IST" duration-ms="1614" status="PASS">
          <reporter-output>
          </reporter-output>
        </test-method> <!-- verifysearchByUserStatus -->
      </class> <!-- com.Hrm.TestCases.AdminPageTest -->
    </test> <!-- Default test -->
  </suite> <!-- Default suite -->
</testng-results>
